<?xml version="1.0" encoding="UTF-8" ?>
<testsuite tests="19" failures="0" name="org.epita.tp.serie1.TestsExercicesSupplementaires" time="0.004" errors="0" skipped="0">
  <properties>
[...]
</properties>
  <testcase classname="org.epita.tp.serie1.TestsExercicesSupplementaires" name="org.epita.tp.serie1.TestsExercicesSupplementaires.test_exercice3_nominal" time="0.001"/>
  <testcase classname="org.epita.tp.serie1.TestsExercicesSupplementaires" name="org.epita.tp.serie1.TestsExercicesSupplementaires.test_exercice1_nominal" time="0.001"/>
  <testcase classname="org.epita.tp.serie1.TestsExercicesSupplementaires" name="org.epita.tp.serie1.TestsExercicesSupplementaires.test_exercice2_nominal" time="0"/>
  <testcase classname="org.epita.tp.serie1.TestsExercicesSupplementaires" name="org.epita.tp.serie1.TestsExercicesSupplementaires.test_exercice3_return_the_first_index_when_egality" time="0.001"/>
  <testcase classname="org.epita.tp.serie1.TestsExercicesSupplementaires" name="org.epita.tp.serie1.TestsExercicesSupplementaires.test_exercice1_return_moinsun_when_empty_array" time="0"/>
  <testcase classname="org.epita.tp.serie1.TestsExercicesSupplementaires" name="org.epita.tp.serie1.TestsExercicesSupplementaires.test_exercice3_return_the_positive_when_egality" time="0"/>
  <testcase classname="org.epita.tp.serie1.TestsExercicesSupplementaires" name="org.epita.tp.serie1.TestsExercicesSupplementaires.test_exercice2_return_exception_when_empty" time="0"/>
  <testcase classname="org.epita.tp.serie1.TestsExercicesSupplementaires" name="org.epita.tp.serie1.TestsExercicesSupplementaires.test_exercice4_f2" time="0"/>
  <testcase classname="org.epita.tp.serie1.TestsExercicesSupplementaires" name="org.epita.tp.serie1.TestsExercicesSupplementaires.test_exercice4_f3" time="0"/>
  <testcase classname="org.epita.tp.serie1.TestsExercicesSupplementaires" name="org.epita.tp.serie1.TestsExercicesSupplementaires.test_exercice4_f10" time="0"/>
  <testcase classname="org.epita.tp.serie1.TestsExercicesSupplementaires" name="org.epita.tp.serie1.TestsExercicesSupplementaires.test_exercice8" time="0"/>
  <testcase classname="org.epita.tp.serie1.TestsExercicesSupplementaires" name="org.epita.tp.serie1.TestsExercicesSupplementaires.test_exercice10" time="0"/>
  <testcase classname="org.epita.tp.serie1.TestsExercicesSupplementaires" name="org.epita.tp.serie1.TestsExercicesSupplementaires.test_exercice9" time="0"/>
  <testcase classname="org.epita.tp.serie1.TestsExercicesSupplementaires" name="org.epita.tp.serie1.TestsExercicesSupplementaires.test_exercice4_f16" time="0.001"/>
  <testcase classname="org.epita.tp.serie1.TestsExercicesSupplementaires" name="org.epita.tp.serie1.TestsExercicesSupplementaires.test_exercice6" time="0"/>
  <testcase classname="org.epita.tp.serie1.TestsExercicesSupplementaires" name="org.epita.tp.serie1.TestsExercicesSupplementaires.test_exercice11" time="0"/>
  <testcase classname="org.epita.tp.serie1.TestsExercicesSupplementaires" name="org.epita.tp.serie1.TestsExercicesSupplementaires.test_exercice4_f80" time="0"/>
  <testcase classname="org.epita.tp.serie1.TestsExercicesSupplementaires" name="org.epita.tp.serie1.TestsExercicesSupplementaires.test_exercice5" time="0"/>
  <testcase classname="org.epita.tp.serie1.TestsExercicesSupplementaires" name="org.epita.tp.serie1.TestsExercicesSupplementaires.test_exercice7" time="0"/>
</testsuite>